<?xml version="1.0" encoding="UTF-8"?>
<testsuite xmlns:xsi="http://www.w3.org/2001/XMLSchema-instance" xsi:noNamespaceSchemaLocation="https://maven.apache.org/surefire/maven-surefire-plugin/xsd/surefire-test-report-3.0.xsd" version="3.0" name="TestSuite" time="90.675" tests="11" errors="0" skipped="0" failures="1">
  <properties>
    <property name="java.specification.version" value="15"/>
    <property name="webdriver.chrome.driver" value="D://Automation//chromedriver.exe"/>
    <property name="sun.cpu.isalist" value="amd64"/>
    <property name="sun.jnu.encoding" value="Cp1252"/>
    <property name="java.class.path" value="C:\Users\parameshwarappa.mr\workspace\Consumerapp\target\test-classes;C:\Users\parameshwarappa.mr\workspace\Consumerapp\target\classes;C:\Users\parameshwarappa.mr\.m2\repository\com\codeborne\selenide\5.4.1\selenide-5.4.1.jar;C:\Users\parameshwarappa.mr\.m2\repository\io\github\bonigarcia\webdrivermanager\3.7.1\webdrivermanager-3.7.1.jar;C:\Users\parameshwarappa.mr\.m2\repository\org\rauschig\jarchivelib\1.0.0\jarchivelib-1.0.0.jar;C:\Users\parameshwarappa.mr\.m2\repository\org\apache\commons\commons-compress\1.18\commons-compress-1.18.jar;C:\Users\parameshwarappa.mr\.m2\repository\org\jsoup\jsoup\1.11.3\jsoup-1.11.3.jar;C:\Users\parameshwarappa.mr\.m2\repository\net\lightbody\bmp\browsermob-core\2.1.5\browsermob-core-2.1.5.jar;C:\Users\parameshwarappa.mr\.m2\repository\net\lightbody\bmp\littleproxy\1.1.0-beta-bmp-17\littleproxy-1.1.0-beta-bmp-17.jar;C:\Users\parameshwarappa.mr\.m2\repository\com\fasterxml\jackson\core\jackson-core\2.8.9\jackson-core-2.8.9.jar;C:\Users\parameshwarappa.mr\.m2\repository\com\fasterxml\jackson\core\jackson-databind\2.8.9\jackson-databind-2.8.9.jar;C:\Users\parameshwarappa.mr\.m2\repository\com\fasterxml\jackson\core\jackson-annotations\2.8.9\jackson-annotations-2.8.9.jar;C:\Users\parameshwarappa.mr\.m2\repository\dnsjava\dnsjava\2.1.8\dnsjava-2.1.8.jar;C:\Users\parameshwarappa.mr\.m2\repository\org\slf4j\jcl-over-slf4j\1.7.25\jcl-over-slf4j-1.7.25.jar;C:\Users\parameshwarappa.mr\.m2\repository\com\jcraft\jzlib\1.1.3\jzlib-1.1.3.jar;C:\Users\parameshwarappa.mr\.m2\repository\io\netty\netty-all\4.0.51.Final\netty-all-4.0.51.Final.jar;C:\Users\parameshwarappa.mr\.m2\repository\org\bouncycastle\bcprov-jdk15on\1.58\bcprov-jdk15on-1.58.jar;C:\Users\parameshwarappa.mr\.m2\repository\org\bouncycastle\bcpkix-jdk15on\1.58\bcpkix-jdk15on-1.58.jar;C:\Users\parameshwarappa.mr\.m2\repository\net\lightbody\bmp\mitm\2.1.5\mitm-2.1.5.jar;C:\Users\parameshwarappa.mr\.m2\repository\com\codeborne\xls-test\1.4.1\xls-test-1.4.1.jar;C:\Users\parameshwarappa.mr\.m2\repository\net\sf\jxls\jxls-core\1.0.6\jxls-core-1.0.6.jar;C:\Users\parameshwarappa.mr\.m2\repository\net\sf\jxls\jxls-reader\1.0.6\jxls-reader-1.0.6.jar;C:\Users\parameshwarappa.mr\.m2\repository\org\apache\commons\commons-jexl\2.1.1\commons-jexl-2.1.1.jar;C:\Users\parameshwarappa.mr\.m2\repository\org\hamcrest\hamcrest-core\1.3\hamcrest-core-1.3.jar;C:\Users\parameshwarappa.mr\.m2\repository\com\codeborne\pdf-test\1.5.1\pdf-test-1.5.1.jar;C:\Users\parameshwarappa.mr\.m2\repository\org\apache\pdfbox\pdfbox\2.0.12\pdfbox-2.0.12.jar;C:\Users\parameshwarappa.mr\.m2\repository\org\apache\pdfbox\fontbox\2.0.12\fontbox-2.0.12.jar;C:\Users\parameshwarappa.mr\.m2\repository\org\aspectj\aspectjweaver\1.5.4\aspectjweaver-1.5.4.jar;C:\Users\parameshwarappa.mr\.m2\repository\io\appium\java-client\4.0.0\java-client-4.0.0.jar;C:\Users\parameshwarappa.mr\.m2\repository\com\google\code\gson\gson\2.6.2\gson-2.6.2.jar;C:\Users\parameshwarappa.mr\.m2\repository\org\apache\httpcomponents\httpclient\4.5.2\httpclient-4.5.2.jar;C:\Users\parameshwarappa.mr\.m2\repository\org\apache\httpcomponents\httpcore\4.4.4\httpcore-4.4.4.jar;C:\Users\parameshwarappa.mr\.m2\repository\com\google\guava\guava\19.0\guava-19.0.jar;C:\Users\parameshwarappa.mr\.m2\repository\cglib\cglib\3.2.1\cglib-3.2.1.jar;C:\Users\parameshwarappa.mr\.m2\repository\org\ow2\asm\asm\5.0.3\asm-5.0.3.jar;C:\Users\parameshwarappa.mr\.m2\repository\org\apache\ant\ant\1.9.4\ant-1.9.4.jar;C:\Users\parameshwarappa.mr\.m2\repository\org\apache\ant\ant-launcher\1.9.4\ant-launcher-1.9.4.jar;C:\Users\parameshwarappa.mr\.m2\repository\org\seleniumhq\selenium\selenium-java\2.44.0\selenium-java-2.44.0.jar;C:\Users\parameshwarappa.mr\.m2\repository\org\seleniumhq\selenium\selenium-chrome-driver\2.44.0\selenium-chrome-driver-2.44.0.jar;C:\Users\parameshwarappa.mr\.m2\repository\org\seleniumhq\selenium\selenium-remote-driver\2.44.0\selenium-remote-driver-2.44.0.jar;C:\Users\parameshwarappa.mr\.m2\repository\cglib\cglib-nodep\2.1_3\cglib-nodep-2.1_3.jar;C:\Users\parameshwarappa.mr\.m2\repository\org\seleniumhq\selenium\selenium-api\2.44.0\selenium-api-2.44.0.jar;C:\Users\parameshwarappa.mr\.m2\repository\org\seleniumhq\selenium\selenium-htmlunit-driver\2.44.0\selenium-htmlunit-driver-2.44.0.jar;C:\Users\parameshwarappa.mr\.m2\repository\net\sourceforge\htmlunit\htmlunit\2.15\htmlunit-2.15.jar;C:\Users\parameshwarappa.mr\.m2\repository\xalan\xalan\2.7.1\xalan-2.7.1.jar;C:\Users\parameshwarappa.mr\.m2\repository\xalan\serializer\2.7.1\serializer-2.7.1.jar;C:\Users\parameshwarappa.mr\.m2\repository\net\sourceforge\htmlunit\htmlunit-core-js\2.15\htmlunit-core-js-2.15.jar;C:\Users\parameshwarappa.mr\.m2\repository\xerces\xercesImpl\2.11.0\xercesImpl-2.11.0.jar;C:\Users\parameshwarappa.mr\.m2\repository\xml-apis\xml-apis\1.4.01\xml-apis-1.4.01.jar;C:\Users\parameshwarappa.mr\.m2\repository\net\sourceforge\nekohtml\nekohtml\1.9.21\nekohtml-1.9.21.jar;C:\Users\parameshwarappa.mr\.m2\repository\net\sourceforge\cssparser\cssparser\0.9.14\cssparser-0.9.14.jar;C:\Users\parameshwarappa.mr\.m2\repository\org\w3c\css\sac\1.3\sac-1.3.jar;C:\Users\parameshwarappa.mr\.m2\repository\org\eclipse\jetty\jetty-websocket\8.1.15.v20140411\jetty-websocket-8.1.15.v20140411.jar;C:\Users\parameshwarappa.mr\.m2\repository\org\eclipse\jetty\jetty-util\8.1.15.v20140411\jetty-util-8.1.15.v20140411.jar;C:\Users\parameshwarappa.mr\.m2\repository\org\eclipse\jetty\jetty-io\8.1.15.v20140411\jetty-io-8.1.15.v20140411.jar;C:\Users\parameshwarappa.mr\.m2\repository\org\eclipse\jetty\jetty-http\8.1.15.v20140411\jetty-http-8.1.15.v20140411.jar;C:\Users\parameshwarappa.mr\.m2\repository\org\seleniumhq\selenium\selenium-firefox-driver\2.44.0\selenium-firefox-driver-2.44.0.jar;C:\Users\parameshwarappa.mr\.m2\repository\org\apache\commons\commons-exec\1.1\commons-exec-1.1.jar;C:\Users\parameshwarappa.mr\.m2\repository\org\seleniumhq\selenium\selenium-ie-driver\2.44.0\selenium-ie-driver-2.44.0.jar;C:\Users\parameshwarappa.mr\.m2\repository\net\java\dev\jna\jna\3.4.0\jna-3.4.0.jar;C:\Users\parameshwarappa.mr\.m2\repository\net\java\dev\jna\platform\3.4.0\platform-3.4.0.jar;C:\Users\parameshwarappa.mr\.m2\repository\org\seleniumhq\selenium\selenium-safari-driver\2.44.0\selenium-safari-driver-2.44.0.jar;C:\Users\parameshwarappa.mr\.m2\repository\org\seleniumhq\selenium\selenium-support\2.44.0\selenium-support-2.44.0.jar;C:\Users\parameshwarappa.mr\.m2\repository\org\webbitserver\webbit\0.4.14\webbit-0.4.14.jar;C:\Users\parameshwarappa.mr\.m2\repository\io\netty\netty\3.5.2.Final\netty-3.5.2.Final.jar;C:\Users\parameshwarappa.mr\.m2\repository\org\testng\testng\7.1.0\testng-7.1.0.jar;C:\Users\parameshwarappa.mr\.m2\repository\com\beust\jcommander\1.72\jcommander-1.72.jar;C:\Users\parameshwarappa.mr\.m2\repository\com\google\inject\guice\4.1.0\guice-4.1.0-no_aop.jar;C:\Users\parameshwarappa.mr\.m2\repository\javax\inject\javax.inject\1\javax.inject-1.jar;C:\Users\parameshwarappa.mr\.m2\repository\aopalliance\aopalliance\1.0\aopalliance-1.0.jar;C:\Users\parameshwarappa.mr\.m2\repository\org\yaml\snakeyaml\1.21\snakeyaml-1.21.jar;C:\Users\parameshwarappa.mr\.m2\repository\org\slf4j\slf4j-simple\1.7.28\slf4j-simple-1.7.28.jar;C:\Users\parameshwarappa.mr\.m2\repository\org\slf4j\slf4j-api\1.7.30\slf4j-api-1.7.30.jar;C:\Users\parameshwarappa.mr\.m2\repository\org\apache\commons\commons-lang3\3.9\commons-lang3-3.9.jar;C:\Users\parameshwarappa.mr\.m2\repository\commons-io\commons-io\2.6\commons-io-2.6.jar;C:\Users\parameshwarappa.mr\.m2\repository\commons-validator\commons-validator\1.6\commons-validator-1.6.jar;C:\Users\parameshwarappa.mr\.m2\repository\commons-beanutils\commons-beanutils\1.9.2\commons-beanutils-1.9.2.jar;C:\Users\parameshwarappa.mr\.m2\repository\commons-digester\commons-digester\1.8.1\commons-digester-1.8.1.jar;C:\Users\parameshwarappa.mr\.m2\repository\commons-logging\commons-logging\1.2\commons-logging-1.2.jar;C:\Users\parameshwarappa.mr\.m2\repository\commons-collections\commons-collections\3.2.2\commons-collections-3.2.2.jar;C:\Users\parameshwarappa.mr\.m2\repository\com\aventstack\extentreports\4.0.0\extentreports-4.0.0.jar;C:\Users\parameshwarappa.mr\.m2\repository\org\freemarker\freemarker\2.3.23\freemarker-2.3.23.jar;C:\Users\parameshwarappa.mr\.m2\repository\org\mongodb\mongodb-driver\3.3.0\mongodb-driver-3.3.0.jar;C:\Users\parameshwarappa.mr\.m2\repository\org\mongodb\mongodb-driver-core\3.3.0\mongodb-driver-core-3.3.0.jar;C:\Users\parameshwarappa.mr\.m2\repository\org\mongodb\bson\3.3.0\bson-3.3.0.jar;C:\Users\parameshwarappa.mr\.m2\repository\org\apache\httpcomponents\httpmime\4.5.2\httpmime-4.5.2.jar;C:\Users\parameshwarappa.mr\.m2\repository\org\apache\poi\poi-scratchpad\3.17\poi-scratchpad-3.17.jar;C:\Users\parameshwarappa.mr\.m2\repository\org\apache\poi\poi-ooxml\3.17\poi-ooxml-3.17.jar;C:\Users\parameshwarappa.mr\.m2\repository\com\github\virtuald\curvesapi\1.04\curvesapi-1.04.jar;C:\Users\parameshwarappa.mr\.m2\repository\org\apache\poi\poi\3.17\poi-3.17.jar;C:\Users\parameshwarappa.mr\.m2\repository\commons-codec\commons-codec\1.10\commons-codec-1.10.jar;C:\Users\parameshwarappa.mr\.m2\repository\org\apache\commons\commons-collections4\4.1\commons-collections4-4.1.jar;C:\Users\parameshwarappa.mr\.m2\repository\org\apache\poi\poi-ooxml-schemas\3.17\poi-ooxml-schemas-3.17.jar;C:\Users\parameshwarappa.mr\.m2\repository\org\apache\xmlbeans\xmlbeans\2.6.0\xmlbeans-2.6.0.jar;C:\Users\parameshwarappa.mr\.m2\repository\stax\stax-api\1.0.1\stax-api-1.0.1.jar;C:\Users\parameshwarappa.mr\.m2\repository\io\qameta\allure\allure-testng\2.17.2\allure-testng-2.17.2.jar;C:\Users\parameshwarappa.mr\.m2\repository\io\qameta\allure\allure-java-commons\2.17.2\allure-java-commons-2.17.2.jar;C:\Users\parameshwarappa.mr\.m2\repository\io\qameta\allure\allure-model\2.17.2\allure-model-2.17.2.jar;C:\Users\parameshwarappa.mr\.m2\repository\io\qameta\allure\allure-test-filter\2.17.2\allure-test-filter-2.17.2.jar;"/>
    <property name="java.vm.vendor" value="Oracle Corporation"/>
    <property name="sun.arch.data.model" value="64"/>
    <property name="user.variant" value=""/>
    <property name="java.vendor.url" value="https://java.oracle.com/"/>
    <property name="user.timezone" value="Asia/Calcutta"/>
    <property name="os.name" value="Windows 10"/>
    <property name="java.vm.specification.version" value="15"/>
    <property name="sun.java.launcher" value="SUN_STANDARD"/>
    <property name="user.country" value="IN"/>
    <property name="sun.boot.library.path" value="C:\Program Files\Java\jdk-15.0.1\bin"/>
    <property name="sun.java.command" value="C:\Users\parameshwarappa.mr\AppData\Local\Temp\surefire17864563686952341517\surefirebooter6047780881735219276.jar C:\Users\parameshwarappa.mr\AppData\Local\Temp\surefire17864563686952341517 2022-03-04T13-42-43_611-jvmRun1 surefire316844727742396602tmp surefire_015796839817262042992tmp"/>
    <property name="jdk.debug" value="release"/>
    <property name="surefire.test.class.path" value="C:\Users\parameshwarappa.mr\workspace\Consumerapp\target\test-classes;C:\Users\parameshwarappa.mr\workspace\Consumerapp\target\classes;C:\Users\parameshwarappa.mr\.m2\repository\com\codeborne\selenide\5.4.1\selenide-5.4.1.jar;C:\Users\parameshwarappa.mr\.m2\repository\io\github\bonigarcia\webdrivermanager\3.7.1\webdrivermanager-3.7.1.jar;C:\Users\parameshwarappa.mr\.m2\repository\org\rauschig\jarchivelib\1.0.0\jarchivelib-1.0.0.jar;C:\Users\parameshwarappa.mr\.m2\repository\org\apache\commons\commons-compress\1.18\commons-compress-1.18.jar;C:\Users\parameshwarappa.mr\.m2\repository\org\jsoup\jsoup\1.11.3\jsoup-1.11.3.jar;C:\Users\parameshwarappa.mr\.m2\repository\net\lightbody\bmp\browsermob-core\2.1.5\browsermob-core-2.1.5.jar;C:\Users\parameshwarappa.mr\.m2\repository\net\lightbody\bmp\littleproxy\1.1.0-beta-bmp-17\littleproxy-1.1.0-beta-bmp-17.jar;C:\Users\parameshwarappa.mr\.m2\repository\com\fasterxml\jackson\core\jackson-core\2.8.9\jackson-core-2.8.9.jar;C:\Users\parameshwarappa.mr\.m2\repository\com\fasterxml\jackson\core\jackson-databind\2.8.9\jackson-databind-2.8.9.jar;C:\Users\parameshwarappa.mr\.m2\repository\com\fasterxml\jackson\core\jackson-annotations\2.8.9\jackson-annotations-2.8.9.jar;C:\Users\parameshwarappa.mr\.m2\repository\dnsjava\dnsjava\2.1.8\dnsjava-2.1.8.jar;C:\Users\parameshwarappa.mr\.m2\repository\org\slf4j\jcl-over-slf4j\1.7.25\jcl-over-slf4j-1.7.25.jar;C:\Users\parameshwarappa.mr\.m2\repository\com\jcraft\jzlib\1.1.3\jzlib-1.1.3.jar;C:\Users\parameshwarappa.mr\.m2\repository\io\netty\netty-all\4.0.51.Final\netty-all-4.0.51.Final.jar;C:\Users\parameshwarappa.mr\.m2\repository\org\bouncycastle\bcprov-jdk15on\1.58\bcprov-jdk15on-1.58.jar;C:\Users\parameshwarappa.mr\.m2\repository\org\bouncycastle\bcpkix-jdk15on\1.58\bcpkix-jdk15on-1.58.jar;C:\Users\parameshwarappa.mr\.m2\repository\net\lightbody\bmp\mitm\2.1.5\mitm-2.1.5.jar;C:\Users\parameshwarappa.mr\.m2\repository\com\codeborne\xls-test\1.4.1\xls-test-1.4.1.jar;C:\Users\parameshwarappa.mr\.m2\repository\net\sf\jxls\jxls-core\1.0.6\jxls-core-1.0.6.jar;C:\Users\parameshwarappa.mr\.m2\repository\net\sf\jxls\jxls-reader\1.0.6\jxls-reader-1.0.6.jar;C:\Users\parameshwarappa.mr\.m2\repository\org\apache\commons\commons-jexl\2.1.1\commons-jexl-2.1.1.jar;C:\Users\parameshwarappa.mr\.m2\repository\org\hamcrest\hamcrest-core\1.3\hamcrest-core-1.3.jar;C:\Users\parameshwarappa.mr\.m2\repository\com\codeborne\pdf-test\1.5.1\pdf-test-1.5.1.jar;C:\Users\parameshwarappa.mr\.m2\repository\org\apache\pdfbox\pdfbox\2.0.12\pdfbox-2.0.12.jar;C:\Users\parameshwarappa.mr\.m2\repository\org\apache\pdfbox\fontbox\2.0.12\fontbox-2.0.12.jar;C:\Users\parameshwarappa.mr\.m2\repository\org\aspectj\aspectjweaver\1.5.4\aspectjweaver-1.5.4.jar;C:\Users\parameshwarappa.mr\.m2\repository\io\appium\java-client\4.0.0\java-client-4.0.0.jar;C:\Users\parameshwarappa.mr\.m2\repository\com\google\code\gson\gson\2.6.2\gson-2.6.2.jar;C:\Users\parameshwarappa.mr\.m2\repository\org\apache\httpcomponents\httpclient\4.5.2\httpclient-4.5.2.jar;C:\Users\parameshwarappa.mr\.m2\repository\org\apache\httpcomponents\httpcore\4.4.4\httpcore-4.4.4.jar;C:\Users\parameshwarappa.mr\.m2\repository\com\google\guava\guava\19.0\guava-19.0.jar;C:\Users\parameshwarappa.mr\.m2\repository\cglib\cglib\3.2.1\cglib-3.2.1.jar;C:\Users\parameshwarappa.mr\.m2\repository\org\ow2\asm\asm\5.0.3\asm-5.0.3.jar;C:\Users\parameshwarappa.mr\.m2\repository\org\apache\ant\ant\1.9.4\ant-1.9.4.jar;C:\Users\parameshwarappa.mr\.m2\repository\org\apache\ant\ant-launcher\1.9.4\ant-launcher-1.9.4.jar;C:\Users\parameshwarappa.mr\.m2\repository\org\seleniumhq\selenium\selenium-java\2.44.0\selenium-java-2.44.0.jar;C:\Users\parameshwarappa.mr\.m2\repository\org\seleniumhq\selenium\selenium-chrome-driver\2.44.0\selenium-chrome-driver-2.44.0.jar;C:\Users\parameshwarappa.mr\.m2\repository\org\seleniumhq\selenium\selenium-remote-driver\2.44.0\selenium-remote-driver-2.44.0.jar;C:\Users\parameshwarappa.mr\.m2\repository\cglib\cglib-nodep\2.1_3\cglib-nodep-2.1_3.jar;C:\Users\parameshwarappa.mr\.m2\repository\org\seleniumhq\selenium\selenium-api\2.44.0\selenium-api-2.44.0.jar;C:\Users\parameshwarappa.mr\.m2\repository\org\seleniumhq\selenium\selenium-htmlunit-driver\2.44.0\selenium-htmlunit-driver-2.44.0.jar;C:\Users\parameshwarappa.mr\.m2\repository\net\sourceforge\htmlunit\htmlunit\2.15\htmlunit-2.15.jar;C:\Users\parameshwarappa.mr\.m2\repository\xalan\xalan\2.7.1\xalan-2.7.1.jar;C:\Users\parameshwarappa.mr\.m2\repository\xalan\serializer\2.7.1\serializer-2.7.1.jar;C:\Users\parameshwarappa.mr\.m2\repository\net\sourceforge\htmlunit\htmlunit-core-js\2.15\htmlunit-core-js-2.15.jar;C:\Users\parameshwarappa.mr\.m2\repository\xerces\xercesImpl\2.11.0\xercesImpl-2.11.0.jar;C:\Users\parameshwarappa.mr\.m2\repository\xml-apis\xml-apis\1.4.01\xml-apis-1.4.01.jar;C:\Users\parameshwarappa.mr\.m2\repository\net\sourceforge\nekohtml\nekohtml\1.9.21\nekohtml-1.9.21.jar;C:\Users\parameshwarappa.mr\.m2\repository\net\sourceforge\cssparser\cssparser\0.9.14\cssparser-0.9.14.jar;C:\Users\parameshwarappa.mr\.m2\repository\org\w3c\css\sac\1.3\sac-1.3.jar;C:\Users\parameshwarappa.mr\.m2\repository\org\eclipse\jetty\jetty-websocket\8.1.15.v20140411\jetty-websocket-8.1.15.v20140411.jar;C:\Users\parameshwarappa.mr\.m2\repository\org\eclipse\jetty\jetty-util\8.1.15.v20140411\jetty-util-8.1.15.v20140411.jar;C:\Users\parameshwarappa.mr\.m2\repository\org\eclipse\jetty\jetty-io\8.1.15.v20140411\jetty-io-8.1.15.v20140411.jar;C:\Users\parameshwarappa.mr\.m2\repository\org\eclipse\jetty\jetty-http\8.1.15.v20140411\jetty-http-8.1.15.v20140411.jar;C:\Users\parameshwarappa.mr\.m2\repository\org\seleniumhq\selenium\selenium-firefox-driver\2.44.0\selenium-firefox-driver-2.44.0.jar;C:\Users\parameshwarappa.mr\.m2\repository\org\apache\commons\commons-exec\1.1\commons-exec-1.1.jar;C:\Users\parameshwarappa.mr\.m2\repository\org\seleniumhq\selenium\selenium-ie-driver\2.44.0\selenium-ie-driver-2.44.0.jar;C:\Users\parameshwarappa.mr\.m2\repository\net\java\dev\jna\jna\3.4.0\jna-3.4.0.jar;C:\Users\parameshwarappa.mr\.m2\repository\net\java\dev\jna\platform\3.4.0\platform-3.4.0.jar;C:\Users\parameshwarappa.mr\.m2\repository\org\seleniumhq\selenium\selenium-safari-driver\2.44.0\selenium-safari-driver-2.44.0.jar;C:\Users\parameshwarappa.mr\.m2\repository\org\seleniumhq\selenium\selenium-support\2.44.0\selenium-support-2.44.0.jar;C:\Users\parameshwarappa.mr\.m2\repository\org\webbitserver\webbit\0.4.14\webbit-0.4.14.jar;C:\Users\parameshwarappa.mr\.m2\repository\io\netty\netty\3.5.2.Final\netty-3.5.2.Final.jar;C:\Users\parameshwarappa.mr\.m2\repository\org\testng\testng\7.1.0\testng-7.1.0.jar;C:\Users\parameshwarappa.mr\.m2\repository\com\beust\jcommander\1.72\jcommander-1.72.jar;C:\Users\parameshwarappa.mr\.m2\repository\com\google\inject\guice\4.1.0\guice-4.1.0-no_aop.jar;C:\Users\parameshwarappa.mr\.m2\repository\javax\inject\javax.inject\1\javax.inject-1.jar;C:\Users\parameshwarappa.mr\.m2\repository\aopalliance\aopalliance\1.0\aopalliance-1.0.jar;C:\Users\parameshwarappa.mr\.m2\repository\org\yaml\snakeyaml\1.21\snakeyaml-1.21.jar;C:\Users\parameshwarappa.mr\.m2\repository\org\slf4j\slf4j-simple\1.7.28\slf4j-simple-1.7.28.jar;C:\Users\parameshwarappa.mr\.m2\repository\org\slf4j\slf4j-api\1.7.30\slf4j-api-1.7.30.jar;C:\Users\parameshwarappa.mr\.m2\repository\org\apache\commons\commons-lang3\3.9\commons-lang3-3.9.jar;C:\Users\parameshwarappa.mr\.m2\repository\commons-io\commons-io\2.6\commons-io-2.6.jar;C:\Users\parameshwarappa.mr\.m2\repository\commons-validator\commons-validator\1.6\commons-validator-1.6.jar;C:\Users\parameshwarappa.mr\.m2\repository\commons-beanutils\commons-beanutils\1.9.2\commons-beanutils-1.9.2.jar;C:\Users\parameshwarappa.mr\.m2\repository\commons-digester\commons-digester\1.8.1\commons-digester-1.8.1.jar;C:\Users\parameshwarappa.mr\.m2\repository\commons-logging\commons-logging\1.2\commons-logging-1.2.jar;C:\Users\parameshwarappa.mr\.m2\repository\commons-collections\commons-collections\3.2.2\commons-collections-3.2.2.jar;C:\Users\parameshwarappa.mr\.m2\repository\com\aventstack\extentreports\4.0.0\extentreports-4.0.0.jar;C:\Users\parameshwarappa.mr\.m2\repository\org\freemarker\freemarker\2.3.23\freemarker-2.3.23.jar;C:\Users\parameshwarappa.mr\.m2\repository\org\mongodb\mongodb-driver\3.3.0\mongodb-driver-3.3.0.jar;C:\Users\parameshwarappa.mr\.m2\repository\org\mongodb\mongodb-driver-core\3.3.0\mongodb-driver-core-3.3.0.jar;C:\Users\parameshwarappa.mr\.m2\repository\org\mongodb\bson\3.3.0\bson-3.3.0.jar;C:\Users\parameshwarappa.mr\.m2\repository\org\apache\httpcomponents\httpmime\4.5.2\httpmime-4.5.2.jar;C:\Users\parameshwarappa.mr\.m2\repository\org\apache\poi\poi-scratchpad\3.17\poi-scratchpad-3.17.jar;C:\Users\parameshwarappa.mr\.m2\repository\org\apache\poi\poi-ooxml\3.17\poi-ooxml-3.17.jar;C:\Users\parameshwarappa.mr\.m2\repository\com\github\virtuald\curvesapi\1.04\curvesapi-1.04.jar;C:\Users\parameshwarappa.mr\.m2\repository\org\apache\poi\poi\3.17\poi-3.17.jar;C:\Users\parameshwarappa.mr\.m2\repository\commons-codec\commons-codec\1.10\commons-codec-1.10.jar;C:\Users\parameshwarappa.mr\.m2\repository\org\apache\commons\commons-collections4\4.1\commons-collections4-4.1.jar;C:\Users\parameshwarappa.mr\.m2\repository\org\apache\poi\poi-ooxml-schemas\3.17\poi-ooxml-schemas-3.17.jar;C:\Users\parameshwarappa.mr\.m2\repository\org\apache\xmlbeans\xmlbeans\2.6.0\xmlbeans-2.6.0.jar;C:\Users\parameshwarappa.mr\.m2\repository\stax\stax-api\1.0.1\stax-api-1.0.1.jar;C:\Users\parameshwarappa.mr\.m2\repository\io\qameta\allure\allure-testng\2.17.2\allure-testng-2.17.2.jar;C:\Users\parameshwarappa.mr\.m2\repository\io\qameta\allure\allure-java-commons\2.17.2\allure-java-commons-2.17.2.jar;C:\Users\parameshwarappa.mr\.m2\repository\io\qameta\allure\allure-model\2.17.2\allure-model-2.17.2.jar;C:\Users\parameshwarappa.mr\.m2\repository\io\qameta\allure\allure-test-filter\2.17.2\allure-test-filter-2.17.2.jar;"/>
    <property name="sun.cpu.endian" value="little"/>
    <property name="user.home" value="C:\Users\parameshwarappa.mr"/>
    <property name="user.language" value="en"/>
    <property name="java.specification.vendor" value="Oracle Corporation"/>
    <property name="java.version.date" value="2020-10-20"/>
    <property name="java.home" value="C:\Program Files\Java\jdk-15.0.1"/>
    <property name="file.separator" value="\"/>
    <property name="basedir" value="C:\Users\parameshwarappa.mr\workspace\Consumerapp"/>
    <property name="java.vm.compressedOopsMode" value="Zero based"/>
    <property name="line.separator" value="&#10;"/>
    <property name="java.vm.specification.vendor" value="Oracle Corporation"/>
    <property name="java.specification.name" value="Java Platform API Specification"/>
    <property name="surefire.real.class.path" value="C:\Users\parameshwarappa.mr\AppData\Local\Temp\surefire17864563686952341517\surefirebooter6047780881735219276.jar"/>
    <property name="user.script" value=""/>
    <property name="sun.management.compiler" value="HotSpot 64-Bit Tiered Compilers"/>
    <property name="java.runtime.version" value="15.0.1+9-18"/>
    <property name="user.name" value="parameshwarappa.mr"/>
    <property name="path.separator" value=";"/>
    <property name="os.version" value="10.0"/>
    <property name="java.runtime.name" value="Java(TM) SE Runtime Environment"/>
    <property name="file.encoding" value="Cp1252"/>
    <property name="java.vm.name" value="Java HotSpot(TM) 64-Bit Server VM"/>
    <property name="localRepository" value="C:\Users\parameshwarappa.mr\.m2\repository"/>
    <property name="java.vendor.url.bug" value="https://bugreport.java.com/bugreport/"/>
    <property name="java.io.tmpdir" value="C:\Users\PARAME~1.MR\AppData\Local\Temp\"/>
    <property name="java.version" value="15.0.1"/>
    <property name="user.dir" value="C:\Users\parameshwarappa.mr\workspace\Consumerapp"/>
    <property name="os.arch" value="amd64"/>
    <property name="java.vm.specification.name" value="Java Virtual Machine Specification"/>
    <property name="sun.os.patch.level" value=""/>
    <property name="java.library.path" value="C:\Program Files\Java\jdk-15.0.1\bin;C:\WINDOWS\Sun\Java\bin;C:\WINDOWS\system32;C:\WINDOWS;D:\allure-2.17.3\bin;C:\Program Files\Common Files\Oracle\Java\javapath;C:\ProgramData\Oracle\Java\javapath;C:\WINDOWS\system32;C:\WINDOWS;C:\WINDOWS\System32\Wbem;C:\WINDOWS\System32\WindowsPowerShell\v1.0\;C:\Program Files\TortoiseSVN\bin;C:\WINDOWS\System32\OpenSSH\;C:\Program Files\Java\jdk-15.0.1\bin;D:\Setup files\apache-ant-1.10.8-bin\apache-ant-1.10.8\bin;D:\Setup files\apache-maven-3.6.3-bin\apache-maven-3.6.3\bin;D:\apache-maven-3.8.4-bin\apache-maven-3.8.4\bin;C:\ProgramData\Oracle\Java\javapath;C:\Windows\system32;C:\Windows;C:\Windows\System32\Wbem;C:\Windows\System32\WindowsPowerShell\v1.0\;C:\Users\parameshwarappa.mr\AppData\Local\Programs\Git\cmd;C:\Users\parameshwarappa.mr\AppData\Local\Microsoft\WindowsApps;;."/>
    <property name="java.vm.info" value="mixed mode, sharing"/>
    <property name="java.vendor" value="Oracle Corporation"/>
    <property name="java.vm.version" value="15.0.1+9-18"/>
    <property name="sun.io.unicode.encoding" value="UnicodeLittle"/>
    <property name="java.class.version" value="59.0"/>
  </properties>
  <testcase name="exceedTest" classname="testcases.ExecuteExceedFramwork" time="0.097"/>
  <testcase name="exceedTest" classname="testcases.ExecuteExceedFramwork" time="4.994"/>
  <testcase name="exceedTest" classname="testcases.ExecuteExceedFramwork" time="2.018"/>
  <testcase name="exceedTest" classname="testcases.ExecuteExceedFramwork" time="2.025"/>
  <testcase name="exceedTest" classname="testcases.ExecuteExceedFramwork" time="0.446"/>
  <testcase name="exceedTest" classname="testcases.ExecuteExceedFramwork" time="0.219"/>
  <testcase name="exceedTest" classname="testcases.ExecuteExceedFramwork" time="0.085"/>
  <testcase name="exceedTest" classname="testcases.ExecuteExceedFramwork" time="6.061">
    <failure message="expected [Parameshwarappa M R] but found []" type="java.lang.AssertionError"><![CDATA[java.lang.AssertionError: expected [Parameshwarappa M R] but found []
	at testcases.ExecuteExceedFramwork.exceedTest(ExecuteExceedFramwork.java:212)
]]></failure>
    <system-out><![CDATA[gettext is:
]]></system-out>
  </testcase>
  <testcase name="exceedTest" classname="testcases.ExecuteExceedFramwork" time="2.014"/>
  <testcase name="exceedTest" classname="testcases.ExecuteExceedFramwork" time="68.394"/>
  <testcase name="exceedTest" classname="testcases.ExecuteExceedFramwork" time="0.005"/>
</testsuite>